382  [main] DEBUG c.s.l.l.ChangeLogLevelProcessUnitTest - test start
385  [main] DEBUG c.s.l.l.ChangeLogLevelProcessUnitTest - type:ch.qos.logback.classic.util.ContextSelectorStaticBinder
392  [main] INFO  c.s.l.impl.AbstractProcessUnitImpl - [LoggerLevel]start
393  [main] DEBUG c.s.l.impl.AbstractProcessUnitImpl - [LoggerLevel]log type=ch.qos.logback.classic.util.ContextSelectorStaticBinder
395  [main] INFO  c.s.l.impl.AbstractProcessUnitImpl - [LoggerLevel]loggerMap={com.sekift.logger.process.MethodInvokerProcessUnit=Logger[com.sekift.logger.process.MethodInvokerProcessUnit], ROOT=Logger[ROOT]}
578  [main] INFO  c.s.l.impl.AbstractProcessUnitImpl - result={"logFramework":"LOGBACK","loggerList":[{"loggerLevel":"DEBUG","loggerName":"com.sekift.logger.process.MethodInvokerProcessUnit"},{"loggerLevel":"DEBUG","loggerName":"ROOT"}]}
578  [main] DEBUG c.s.l.l.ChangeLogLevelProcessUnitTest - frame:LOGBACK
579  [main] DEBUG c.s.l.l.ChangeLogLevelProcessUnitTest - now is debug
579  [main] INFO  c.s.l.p.ChangeLogLevelProcessUnit - [LoggerLevel]设置所有Log级别
579  [main] INFO  c.s.l.p.ChangeLogLevelProcessUnit - [LoggerLevel]String loggerMap:{com.sekift.logger.process.MethodInvokerProcessUnit=Logger[com.sekift.logger.process.MethodInvokerProcessUnit], ROOT=Logger[ROOT]}
579  [main] INFO  c.s.l.p.ChangeLogLevelProcessUnit - [LoggerLevel]String entries:[com.sekift.logger.process.MethodInvokerProcessUnit=Logger[com.sekift.logger.process.MethodInvokerProcessUnit], ROOT=Logger[ROOT]]
579  [main] INFO  c.s.l.p.ChangeLogLevelProcessUnit - [LoggerLevel]String logger:[com.sekift.logger.process.MethodInvokerProcessUnit=Logger[com.sekift.logger.process.MethodInvokerProcessUnit], ROOT=Logger[ROOT]]
579  [main] INFO  c.s.l.p.ChangeLogLevelProcessUnit - [LoggerLevel]String logger:[com.sekift.logger.process.MethodInvokerProcessUnit=Logger[com.sekift.logger.process.MethodInvokerProcessUnit], ROOT=Logger[ROOT]]
580  [main] INFO  c.s.l.l.ChangeLogLevelProcessUnitTest - 如果上面没有打印，表示升级到INFO了
580  [main] INFO  c.s.l.p.ChangeLogLevelProcessUnit - [LoggerLevel]设置所有Log级别
580  [main] INFO  c.s.l.p.ChangeLogLevelProcessUnit - [LoggerLevel]String loggerMap:{com.sekift.logger.process.MethodInvokerProcessUnit=Logger[com.sekift.logger.process.MethodInvokerProcessUnit], ROOT=Logger[ROOT]}
580  [main] INFO  c.s.l.p.ChangeLogLevelProcessUnit - [LoggerLevel]String entries:[com.sekift.logger.process.MethodInvokerProcessUnit=Logger[com.sekift.logger.process.MethodInvokerProcessUnit], ROOT=Logger[ROOT]]
580  [main] INFO  c.s.l.p.ChangeLogLevelProcessUnit - [LoggerLevel]String logger:[com.sekift.logger.process.MethodInvokerProcessUnit=Logger[com.sekift.logger.process.MethodInvokerProcessUnit], ROOT=Logger[ROOT]]
580  [main] INFO  c.s.l.p.ChangeLogLevelProcessUnit - [LoggerLevel]String logger:[com.sekift.logger.process.MethodInvokerProcessUnit=Logger[com.sekift.logger.process.MethodInvokerProcessUnit], ROOT=Logger[ROOT]]
581  [main] DEBUG c.s.l.l.ChangeLogLevelProcessUnitTest - end is debug
333  [main] DEBUG c.s.l.l.ChangeLogLevelProcessUnitTest - test start
337  [main] DEBUG c.s.l.l.ChangeLogLevelProcessUnitTest - type:ch.qos.logback.classic.util.ContextSelectorStaticBinder
346  [main] INFO  c.s.l.impl.AbstractProcessUnitImpl - [LoggerLevel]start
346  [main] DEBUG c.s.l.impl.AbstractProcessUnitImpl - [LoggerLevel]log type=ch.qos.logback.classic.util.ContextSelectorStaticBinder
349  [main] INFO  c.s.l.impl.AbstractProcessUnitImpl - [LoggerLevel]loggerMap={com.sekift.logger.process.MethodInvokerProcessUnit=Logger[com.sekift.logger.process.MethodInvokerProcessUnit], ROOT=Logger[ROOT]}
509  [main] INFO  c.s.l.impl.AbstractProcessUnitImpl - result={"logFramework":"LOGBACK","loggerList":[{"loggerLevel":"DEBUG","loggerName":"com.sekift.logger.process.MethodInvokerProcessUnit"},{"loggerLevel":"DEBUG","loggerName":"ROOT"}]}
510  [main] DEBUG c.s.l.l.ChangeLogLevelProcessUnitTest - frame:LOGBACK
510  [main] INFO  c.s.l.p.ChangeLogLevelProcessUnit - [LoggerLevel]设置所有Log级别
510  [main] INFO  c.s.l.p.ChangeLogLevelProcessUnit - [LoggerLevel]String loggerMap:{com.sekift.logger.process.MethodInvokerProcessUnit=Logger[com.sekift.logger.process.MethodInvokerProcessUnit], ROOT=Logger[ROOT]}
510  [main] INFO  c.s.l.p.ChangeLogLevelProcessUnit - [LoggerLevel]String entries:[com.sekift.logger.process.MethodInvokerProcessUnit=Logger[com.sekift.logger.process.MethodInvokerProcessUnit], ROOT=Logger[ROOT]]
511  [main] INFO  c.s.l.p.ChangeLogLevelProcessUnit - [LoggerLevel]String logger:[com.sekift.logger.process.MethodInvokerProcessUnit=Logger[com.sekift.logger.process.MethodInvokerProcessUnit], ROOT=Logger[ROOT]]
511  [main] INFO  c.s.l.p.ChangeLogLevelProcessUnit - [LoggerLevel]String logger:[com.sekift.logger.process.MethodInvokerProcessUnit=Logger[com.sekift.logger.process.MethodInvokerProcessUnit], ROOT=Logger[ROOT]]
511  [main] INFO  c.s.l.l.ChangeLogLevelProcessUnitTest - 如果上面没有打印，表示升级到INFO了
511  [main] INFO  c.s.l.p.ChangeLogLevelProcessUnit - [LoggerLevel]设置所有Log级别
511  [main] INFO  c.s.l.p.ChangeLogLevelProcessUnit - [LoggerLevel]String loggerMap:{com.sekift.logger.process.MethodInvokerProcessUnit=Logger[com.sekift.logger.process.MethodInvokerProcessUnit], ROOT=Logger[ROOT]}
512  [main] INFO  c.s.l.p.ChangeLogLevelProcessUnit - [LoggerLevel]String entries:[com.sekift.logger.process.MethodInvokerProcessUnit=Logger[com.sekift.logger.process.MethodInvokerProcessUnit], ROOT=Logger[ROOT]]
512  [main] INFO  c.s.l.p.ChangeLogLevelProcessUnit - [LoggerLevel]String logger:[com.sekift.logger.process.MethodInvokerProcessUnit=Logger[com.sekift.logger.process.MethodInvokerProcessUnit], ROOT=Logger[ROOT]]
512  [main] INFO  c.s.l.p.ChangeLogLevelProcessUnit - [LoggerLevel]String logger:[com.sekift.logger.process.MethodInvokerProcessUnit=Logger[com.sekift.logger.process.MethodInvokerProcessUnit], ROOT=Logger[ROOT]]
512  [main] DEBUG c.s.l.l.ChangeLogLevelProcessUnitTest - end is debug
350  [main] DEBUG c.s.l.l.MethodInvokerProcessUnitTest - test
353  [main] DEBUG c.s.l.l.MethodInvokerProcessUnitTest - type:ch.qos.logback.classic.util.ContextSelectorStaticBinder
361  [main] INFO  c.s.l.impl.AbstractProcessUnitImpl - [LoggerLevel]start
361  [main] DEBUG c.s.l.impl.AbstractProcessUnitImpl - [LoggerLevel]log type=ch.qos.logback.classic.util.ContextSelectorStaticBinder
364  [main] INFO  c.s.l.impl.AbstractProcessUnitImpl - [LoggerLevel]loggerMap={com.sekift.logger.process.MethodInvokerProcessUnit=Logger[com.sekift.logger.process.MethodInvokerProcessUnit], ROOT=Logger[ROOT]}
549  [main] INFO  c.s.l.impl.AbstractProcessUnitImpl - result={"logFramework":"LOGBACK","loggerList":[{"loggerLevel":"DEBUG","loggerName":"com.sekift.logger.process.MethodInvokerProcessUnit"},{"loggerLevel":"DEBUG","loggerName":"ROOT"}]}
550  [main] DEBUG c.s.l.l.MethodInvokerProcessUnitTest - frame:LOGBACK
551  [main] DEBUG c.s.l.l.MethodInvokerProcessUnitTest - now is debug
551  [main] INFO  c.s.l.p.MethodInvokerProcessUnit - setLogLevel: data=[{"level":"INFO","name":"com.sekift.logger.process.MethodInvokerProcessUnit"}]
680  [main] INFO  c.s.l.p.MethodInvokerProcessUnit - [LoggerLevel]设置Log级别 loggerList:[{"LoggerBean":{"name":"com.sekift.logger.process.MethodInvokerProcessUnit","level":"INFO"}}]
681  [main] INFO  c.s.l.p.MethodInvokerProcessUnit - [LoggerLevel]loggerMap:{com.sekift.logger.process.MethodInvokerProcessUnit=Logger[com.sekift.logger.process.MethodInvokerProcessUnit], ROOT=Logger[ROOT]}
682  [main] INFO  c.s.l.p.MethodInvokerProcessUnit - [LoggerLevel]logger:Logger[com.sekift.logger.process.MethodInvokerProcessUnit]
682  [main] INFO  c.s.l.p.MethodInvokerProcessUnit - [LoggerLevel]loggerbean.getName():com.sekift.logger.process.MethodInvokerProcessUnit
682  [main] DEBUG c.s.l.l.MethodInvokerProcessUnitTest - 这里是验证debug打印了没有
682  [main] INFO  c.s.l.l.MethodInvokerProcessUnitTest - 如果上面没有打印，表示升级到INFO了
682  [main] INFO  c.s.l.p.MethodInvokerProcessUnit - setLogLevel: data=[{"level":"DEBUG","name":"com.sekift.logger.process.MethodInvokerProcessUnit"}]
682  [main] INFO  c.s.l.p.MethodInvokerProcessUnit - [LoggerLevel]设置Log级别 loggerList:[{"LoggerBean":{"name":"com.sekift.logger.process.MethodInvokerProcessUnit","level":"DEBUG"}}]
682  [main] INFO  c.s.l.p.MethodInvokerProcessUnit - [LoggerLevel]loggerMap:{com.sekift.logger.process.MethodInvokerProcessUnit=Logger[com.sekift.logger.process.MethodInvokerProcessUnit], ROOT=Logger[ROOT]}
682  [main] INFO  c.s.l.p.MethodInvokerProcessUnit - [LoggerLevel]logger:Logger[com.sekift.logger.process.MethodInvokerProcessUnit]
684  [main] INFO  c.s.l.p.MethodInvokerProcessUnit - [LoggerLevel]loggerbean.getName():com.sekift.logger.process.MethodInvokerProcessUnit
684  [main] DEBUG c.s.l.l.MethodInvokerProcessUnitTest - end is debug
329  [main] DEBUG c.s.l.l.MethodInvokerProcessUnitTest - test
333  [main] DEBUG c.s.l.l.MethodInvokerProcessUnitTest - type:ch.qos.logback.classic.util.ContextSelectorStaticBinder
342  [main] INFO  c.s.l.impl.AbstractProcessUnitImpl - [LoggerLevel]start
342  [main] DEBUG c.s.l.impl.AbstractProcessUnitImpl - [LoggerLevel]log type=ch.qos.logback.classic.util.ContextSelectorStaticBinder
344  [main] INFO  c.s.l.impl.AbstractProcessUnitImpl - [LoggerLevel]loggerMap={com.sekift.logger.process.MethodInvokerProcessUnit=Logger[com.sekift.logger.process.MethodInvokerProcessUnit], ROOT=Logger[ROOT]}
513  [main] INFO  c.s.l.impl.AbstractProcessUnitImpl - result={"logFramework":"LOGBACK","loggerList":[{"loggerLevel":"DEBUG","loggerName":"com.sekift.logger.process.MethodInvokerProcessUnit"},{"loggerLevel":"DEBUG","loggerName":"ROOT"}]}
513  [main] DEBUG c.s.l.l.MethodInvokerProcessUnitTest - frame:LOGBACK
514  [main] DEBUG c.s.l.l.MethodInvokerProcessUnitTest - now is debug
514  [main] INFO  c.s.l.p.MethodInvokerProcessUnit - setLogLevel: data=[{"level":"INFO","name":"com.sekift.logger.process.MethodInvokerProcessUnit"}]
607  [main] INFO  c.s.l.p.MethodInvokerProcessUnit - [LoggerLevel]设置Log级别 loggerList:[{"LoggerBean":{"name":"com.sekift.logger.process.MethodInvokerProcessUnit","level":"INFO"}}]
608  [main] INFO  c.s.l.p.MethodInvokerProcessUnit - [LoggerLevel]loggerMap:{com.sekift.logger.process.MethodInvokerProcessUnit=Logger[com.sekift.logger.process.MethodInvokerProcessUnit], ROOT=Logger[ROOT]}
608  [main] INFO  c.s.l.p.MethodInvokerProcessUnit - [LoggerLevel]logger:Logger[com.sekift.logger.process.MethodInvokerProcessUnit]
608  [main] INFO  c.s.l.p.MethodInvokerProcessUnit - [LoggerLevel]loggerbean.getName():com.sekift.logger.process.MethodInvokerProcessUnit
608  [main] DEBUG c.s.l.l.MethodInvokerProcessUnitTest - 这里是验证debug打印了没有
608  [main] INFO  c.s.l.l.MethodInvokerProcessUnitTest - 如果上面没有打印，表示升级到INFO了
608  [main] INFO  c.s.l.p.MethodInvokerProcessUnit - setLogLevel: data=[{"level":"DEBUG","name":"com.sekift.logger.process.MethodInvokerProcessUnit"}]
609  [main] INFO  c.s.l.p.MethodInvokerProcessUnit - [LoggerLevel]设置Log级别 loggerList:[{"LoggerBean":{"name":"com.sekift.logger.process.MethodInvokerProcessUnit","level":"DEBUG"}}]
609  [main] INFO  c.s.l.p.MethodInvokerProcessUnit - [LoggerLevel]loggerMap:{com.sekift.logger.process.MethodInvokerProcessUnit=Logger[com.sekift.logger.process.MethodInvokerProcessUnit], ROOT=Logger[ROOT]}
609  [main] INFO  c.s.l.p.MethodInvokerProcessUnit - [LoggerLevel]logger:Logger[com.sekift.logger.process.MethodInvokerProcessUnit]
609  [main] INFO  c.s.l.p.MethodInvokerProcessUnit - [LoggerLevel]loggerbean.getName():com.sekift.logger.process.MethodInvokerProcessUnit
609  [main] DEBUG c.s.l.l.MethodInvokerProcessUnitTest - end is debug
333  [main] DEBUG c.s.l.l.ChangeLogLevelProcessUnitTest - test start
337  [main] DEBUG c.s.l.l.ChangeLogLevelProcessUnitTest - type:ch.qos.logback.classic.util.ContextSelectorStaticBinder
344  [main] INFO  c.s.l.impl.AbstractProcessUnitImpl - [LoggerLevel]start
345  [main] DEBUG c.s.l.impl.AbstractProcessUnitImpl - [LoggerLevel]log type=ch.qos.logback.classic.util.ContextSelectorStaticBinder
347  [main] INFO  c.s.l.impl.AbstractProcessUnitImpl - [LoggerLevel]loggerMap={com.sekift.logger.process.MethodInvokerProcessUnit=Logger[com.sekift.logger.process.MethodInvokerProcessUnit], ROOT=Logger[ROOT]}
503  [main] INFO  c.s.l.impl.AbstractProcessUnitImpl - result={"logFramework":"LOGBACK","loggerList":[{"loggerLevel":"DEBUG","loggerName":"com.sekift.logger.process.MethodInvokerProcessUnit"},{"loggerLevel":"DEBUG","loggerName":"ROOT"}]}
504  [main] DEBUG c.s.l.l.ChangeLogLevelProcessUnitTest - frame:LOGBACK
504  [main] INFO  c.s.l.p.ChangeLogLevelProcessUnit - [LoggerLevel]设置所有Log级别
504  [main] INFO  c.s.l.p.ChangeLogLevelProcessUnit - [LoggerLevel]String loggerMap:{com.sekift.logger.process.MethodInvokerProcessUnit=Logger[com.sekift.logger.process.MethodInvokerProcessUnit], ROOT=Logger[ROOT]}
504  [main] INFO  c.s.l.p.ChangeLogLevelProcessUnit - [LoggerLevel]String entries:[com.sekift.logger.process.MethodInvokerProcessUnit=Logger[com.sekift.logger.process.MethodInvokerProcessUnit], ROOT=Logger[ROOT]]
504  [main] INFO  c.s.l.p.ChangeLogLevelProcessUnit - [LoggerLevel]String logger:[com.sekift.logger.process.MethodInvokerProcessUnit=Logger[com.sekift.logger.process.MethodInvokerProcessUnit], ROOT=Logger[ROOT]]
504  [main] INFO  c.s.l.p.ChangeLogLevelProcessUnit - [LoggerLevel]String logger:[com.sekift.logger.process.MethodInvokerProcessUnit=Logger[com.sekift.logger.process.MethodInvokerProcessUnit], ROOT=Logger[ROOT]]
505  [main] INFO  c.s.l.l.ChangeLogLevelProcessUnitTest - 如果上面没有打印，表示升级到INFO了
505  [main] INFO  c.s.l.p.ChangeLogLevelProcessUnit - [LoggerLevel]设置所有Log级别
505  [main] INFO  c.s.l.p.ChangeLogLevelProcessUnit - [LoggerLevel]String loggerMap:{com.sekift.logger.process.MethodInvokerProcessUnit=Logger[com.sekift.logger.process.MethodInvokerProcessUnit], ROOT=Logger[ROOT]}
505  [main] INFO  c.s.l.p.ChangeLogLevelProcessUnit - [LoggerLevel]String entries:[com.sekift.logger.process.MethodInvokerProcessUnit=Logger[com.sekift.logger.process.MethodInvokerProcessUnit], ROOT=Logger[ROOT]]
505  [main] INFO  c.s.l.p.ChangeLogLevelProcessUnit - [LoggerLevel]String logger:[com.sekift.logger.process.MethodInvokerProcessUnit=Logger[com.sekift.logger.process.MethodInvokerProcessUnit], ROOT=Logger[ROOT]]
505  [main] INFO  c.s.l.p.ChangeLogLevelProcessUnit - [LoggerLevel]String logger:[com.sekift.logger.process.MethodInvokerProcessUnit=Logger[com.sekift.logger.process.MethodInvokerProcessUnit], ROOT=Logger[ROOT]]
505  [main] DEBUG c.s.l.l.ChangeLogLevelProcessUnitTest - end is debug
334  [main] DEBUG c.s.l.l.MethodInvokerProcessUnitTest - test
337  [main] DEBUG c.s.l.l.MethodInvokerProcessUnitTest - type:ch.qos.logback.classic.util.ContextSelectorStaticBinder
343  [main] INFO  c.s.l.impl.AbstractProcessUnitImpl - [LoggerLevel]start
344  [main] DEBUG c.s.l.impl.AbstractProcessUnitImpl - [LoggerLevel]log type=ch.qos.logback.classic.util.ContextSelectorStaticBinder
346  [main] INFO  c.s.l.impl.AbstractProcessUnitImpl - [LoggerLevel]loggerMap={ROOT=Logger[ROOT], com.sekift.logger.process.MethodInvokerProcessUnitTest=Logger[com.sekift.logger.process.MethodInvokerProcessUnitTest]}
490  [main] INFO  c.s.l.impl.AbstractProcessUnitImpl - result={"logFramework":"LOGBACK","loggerList":[{"loggerLevel":"DEBUG","loggerName":"ROOT"},{"loggerLevel":"DEBUG","loggerName":"com.sekift.logger.process.MethodInvokerProcessUnitTest"}]}
491  [main] DEBUG c.s.l.l.MethodInvokerProcessUnitTest - frame:LOGBACK
492  [main] DEBUG c.s.l.l.MethodInvokerProcessUnitTest - now is debug
492  [main] INFO  c.s.l.p.MethodInvokerProcessUnit - setLogLevel: data=[{"level":"INFO","name":"com.sekift.logger.process.MethodInvokerProcessUnitTest"}]
587  [main] INFO  c.s.l.p.MethodInvokerProcessUnit - [LoggerLevel]设置Log级别 loggerList:[{"LoggerBean":{"name":"com.sekift.logger.process.MethodInvokerProcessUnitTest","level":"INFO"}}]
587  [main] INFO  c.s.l.p.MethodInvokerProcessUnit - [LoggerLevel]loggerMap:{ROOT=Logger[ROOT], com.sekift.logger.process.MethodInvokerProcessUnitTest=Logger[com.sekift.logger.process.MethodInvokerProcessUnitTest]}
587  [main] INFO  c.s.l.p.MethodInvokerProcessUnit - [LoggerLevel]logger:Logger[com.sekift.logger.process.MethodInvokerProcessUnitTest]
587  [main] INFO  c.s.l.p.MethodInvokerProcessUnit - [LoggerLevel]loggerbean.getName():com.sekift.logger.process.MethodInvokerProcessUnitTest
587  [main] DEBUG c.s.l.l.MethodInvokerProcessUnitTest - 这里是验证debug打印了没有
587  [main] INFO  c.s.l.l.MethodInvokerProcessUnitTest - 如果上面没有打印，表示升级到INFO了
588  [main] INFO  c.s.l.p.MethodInvokerProcessUnit - setLogLevel: data=[{"level":"DEBUG","name":"com.sekift.logger.process.MethodInvokerProcessUnit"}]
588  [main] INFO  c.s.l.p.MethodInvokerProcessUnit - [LoggerLevel]设置Log级别 loggerList:[{"LoggerBean":{"name":"com.sekift.logger.process.MethodInvokerProcessUnit","level":"DEBUG"}}]
588  [main] INFO  c.s.l.p.MethodInvokerProcessUnit - [LoggerLevel]loggerMap:{ROOT=Logger[ROOT], com.sekift.logger.process.MethodInvokerProcessUnitTest=Logger[com.sekift.logger.process.MethodInvokerProcessUnitTest]}
588  [main] INFO  c.s.l.p.MethodInvokerProcessUnit - [LoggerLevel]logger:null
588  [main] INFO  c.s.l.p.MethodInvokerProcessUnit - [LoggerLevel]loggerbean.getName():com.sekift.logger.process.MethodInvokerProcessUnit
334  [main] DEBUG c.s.l.l.MethodInvokerProcessUnitTest - test
337  [main] DEBUG c.s.l.l.MethodInvokerProcessUnitTest - type:ch.qos.logback.classic.util.ContextSelectorStaticBinder
347  [main] INFO  c.s.l.impl.AbstractProcessUnitImpl - [LoggerLevel]start
347  [main] DEBUG c.s.l.impl.AbstractProcessUnitImpl - [LoggerLevel]log type=ch.qos.logback.classic.util.ContextSelectorStaticBinder
349  [main] INFO  c.s.l.impl.AbstractProcessUnitImpl - [LoggerLevel]loggerMap={ROOT=Logger[ROOT], com.sekift.logger.process.MethodInvokerProcessUnitTest=Logger[com.sekift.logger.process.MethodInvokerProcessUnitTest]}
497  [main] INFO  c.s.l.impl.AbstractProcessUnitImpl - result={"logFramework":"LOGBACK","loggerList":[{"loggerLevel":"DEBUG","loggerName":"ROOT"},{"loggerLevel":"DEBUG","loggerName":"com.sekift.logger.process.MethodInvokerProcessUnitTest"}]}
497  [main] DEBUG c.s.l.l.MethodInvokerProcessUnitTest - frame:LOGBACK
498  [main] DEBUG c.s.l.l.MethodInvokerProcessUnitTest - now is debug
498  [main] INFO  c.s.l.p.MethodInvokerProcessUnit - setLogLevel: data=[{"level":"INFO","name":"com.sekift.logger.process.MethodInvokerProcessUnitTest"}]
595  [main] INFO  c.s.l.p.MethodInvokerProcessUnit - [LoggerLevel]设置Log级别 loggerList:[{"LoggerBean":{"name":"com.sekift.logger.process.MethodInvokerProcessUnitTest","level":"INFO"}}]
595  [main] INFO  c.s.l.p.MethodInvokerProcessUnit - [LoggerLevel]loggerMap:{ROOT=Logger[ROOT], com.sekift.logger.process.MethodInvokerProcessUnitTest=Logger[com.sekift.logger.process.MethodInvokerProcessUnitTest]}
595  [main] INFO  c.s.l.p.MethodInvokerProcessUnit - [LoggerLevel]logger:Logger[com.sekift.logger.process.MethodInvokerProcessUnitTest]
595  [main] INFO  c.s.l.p.MethodInvokerProcessUnit - [LoggerLevel]loggerbean.getName():com.sekift.logger.process.MethodInvokerProcessUnitTest
596  [main] DEBUG c.s.l.l.MethodInvokerProcessUnitTest - 这里是验证debug打印了没有
596  [main] INFO  c.s.l.l.MethodInvokerProcessUnitTest - 如果上面没有打印，表示升级到INFO了
596  [main] INFO  c.s.l.p.MethodInvokerProcessUnit - setLogLevel: data=[{"level":"DEBUG","name":"com.sekift.logger.process.MethodInvokerProcessUnitTest"}]
596  [main] INFO  c.s.l.p.MethodInvokerProcessUnit - [LoggerLevel]设置Log级别 loggerList:[{"LoggerBean":{"name":"com.sekift.logger.process.MethodInvokerProcessUnitTest","level":"DEBUG"}}]
596  [main] INFO  c.s.l.p.MethodInvokerProcessUnit - [LoggerLevel]loggerMap:{ROOT=Logger[ROOT], com.sekift.logger.process.MethodInvokerProcessUnitTest=Logger[com.sekift.logger.process.MethodInvokerProcessUnitTest]}
596  [main] INFO  c.s.l.p.MethodInvokerProcessUnit - [LoggerLevel]logger:Logger[com.sekift.logger.process.MethodInvokerProcessUnitTest]
596  [main] INFO  c.s.l.p.MethodInvokerProcessUnit - [LoggerLevel]loggerbean.getName():com.sekift.logger.process.MethodInvokerProcessUnitTest
596  [main] DEBUG c.s.l.l.MethodInvokerProcessUnitTest - end is debug
354  [main] DEBUG c.s.l.l.MethodInvokerProcessUnitTest - test
357  [main] DEBUG c.s.l.l.MethodInvokerProcessUnitTest - type:ch.qos.logback.classic.util.ContextSelectorStaticBinder
364  [main] INFO  c.s.l.impl.AbstractProcessUnitImpl - [LoggerLevel]start
365  [main] DEBUG c.s.l.impl.AbstractProcessUnitImpl - [LoggerLevel]log type=ch.qos.logback.classic.util.ContextSelectorStaticBinder
369  [main] INFO  c.s.l.impl.AbstractProcessUnitImpl - [LoggerLevel]loggerMap={com.sekift.logger.process.MethodInvokerProcessUnit=Logger[com.sekift.logger.process.MethodInvokerProcessUnit], ROOT=Logger[ROOT]}
511  [main] INFO  c.s.l.impl.AbstractProcessUnitImpl - result={"logFramework":"LOGBACK","loggerList":[{"loggerLevel":"DEBUG","loggerName":"com.sekift.logger.process.MethodInvokerProcessUnit"},{"loggerLevel":"DEBUG","loggerName":"ROOT"}]}
512  [main] DEBUG c.s.l.l.MethodInvokerProcessUnitTest - frame:LOGBACK
513  [main] DEBUG c.s.l.l.MethodInvokerProcessUnitTest - now is debug
513  [main] INFO  c.s.l.p.MethodInvokerProcessUnit - setLogLevel: data=[{"level":"INFO","name":"com.sekift.logger.process.MethodInvokerProcessUnit"}]
619  [main] INFO  c.s.l.p.MethodInvokerProcessUnit - [LoggerLevel]设置Log级别 loggerList:[{"LoggerBean":{"name":"com.sekift.logger.process.MethodInvokerProcessUnit","level":"INFO"}}]
620  [main] INFO  c.s.l.p.MethodInvokerProcessUnit - [LoggerLevel]loggerMap:{com.sekift.logger.process.MethodInvokerProcessUnit=Logger[com.sekift.logger.process.MethodInvokerProcessUnit], ROOT=Logger[ROOT]}
620  [main] INFO  c.s.l.p.MethodInvokerProcessUnit - [LoggerLevel]logger:Logger[com.sekift.logger.process.MethodInvokerProcessUnit]
620  [main] INFO  c.s.l.p.MethodInvokerProcessUnit - [LoggerLevel]loggerbean.getName():com.sekift.logger.process.MethodInvokerProcessUnit
620  [main] DEBUG c.s.l.l.MethodInvokerProcessUnitTest - 这里是验证debug打印了没有
620  [main] INFO  c.s.l.l.MethodInvokerProcessUnitTest - 如果上面没有打印，表示升级到INFO了
620  [main] INFO  c.s.l.p.MethodInvokerProcessUnit - setLogLevel: data=[{"level":"DEBUG","name":"com.sekift.logger.process.MethodInvokerProcessUnit"}]
620  [main] INFO  c.s.l.p.MethodInvokerProcessUnit - [LoggerLevel]设置Log级别 loggerList:[{"LoggerBean":{"name":"com.sekift.logger.process.MethodInvokerProcessUnit","level":"DEBUG"}}]
621  [main] INFO  c.s.l.p.MethodInvokerProcessUnit - [LoggerLevel]loggerMap:{com.sekift.logger.process.MethodInvokerProcessUnit=Logger[com.sekift.logger.process.MethodInvokerProcessUnit], ROOT=Logger[ROOT]}
621  [main] INFO  c.s.l.p.MethodInvokerProcessUnit - [LoggerLevel]logger:Logger[com.sekift.logger.process.MethodInvokerProcessUnit]
621  [main] INFO  c.s.l.p.MethodInvokerProcessUnit - [LoggerLevel]loggerbean.getName():com.sekift.logger.process.MethodInvokerProcessUnit
621  [main] DEBUG c.s.l.l.MethodInvokerProcessUnitTest - end is debug
332  [main] DEBUG c.s.l.l.MethodInvokerProcessUnitTest - test
335  [main] DEBUG c.s.l.l.MethodInvokerProcessUnitTest - type:ch.qos.logback.classic.util.ContextSelectorStaticBinder
342  [main] INFO  c.s.l.impl.AbstractProcessUnitImpl - [LoggerLevel]start
342  [main] DEBUG c.s.l.impl.AbstractProcessUnitImpl - [LoggerLevel]log type=ch.qos.logback.classic.util.ContextSelectorStaticBinder
344  [main] INFO  c.s.l.impl.AbstractProcessUnitImpl - [LoggerLevel]loggerMap={com.sekift.logger.process.MethodInvokerProcessUnit=Logger[com.sekift.logger.process.MethodInvokerProcessUnit], ROOT=Logger[ROOT]}
494  [main] INFO  c.s.l.impl.AbstractProcessUnitImpl - result={"logFramework":"LOGBACK","loggerList":[{"loggerLevel":"DEBUG","loggerName":"com.sekift.logger.process.MethodInvokerProcessUnit"},{"loggerLevel":"DEBUG","loggerName":"ROOT"}]}
494  [main] DEBUG c.s.l.l.MethodInvokerProcessUnitTest - frame:LOGBACK
495  [main] DEBUG c.s.l.l.MethodInvokerProcessUnitTest - now is debug
503  [main] INFO  c.s.l.p.MethodInvokerProcessUnit - [LoggerLevel]设置Log级别 loggerList:[{"LoggerBean":{"name":"com.sekift.logger.process.MethodInvokerProcessUnit","level":"INFO"}}]
504  [main] INFO  c.s.l.p.MethodInvokerProcessUnit - [LoggerLevel]loggerMap:{com.sekift.logger.process.MethodInvokerProcessUnit=Logger[com.sekift.logger.process.MethodInvokerProcessUnit], ROOT=Logger[ROOT]}
504  [main] INFO  c.s.l.p.MethodInvokerProcessUnit - [LoggerLevel]logger:Logger[com.sekift.logger.process.MethodInvokerProcessUnit]
504  [main] INFO  c.s.l.p.MethodInvokerProcessUnit - [LoggerLevel]loggerbean.getName():com.sekift.logger.process.MethodInvokerProcessUnit
504  [main] DEBUG c.s.l.l.MethodInvokerProcessUnitTest - 这里是验证debug打印了没有
504  [main] INFO  c.s.l.l.MethodInvokerProcessUnitTest - 如果上面没有打印，表示升级到INFO了
504  [main] INFO  c.s.l.p.MethodInvokerProcessUnit - [LoggerLevel]设置Log级别 loggerList:[{"LoggerBean":{"name":"com.sekift.logger.process.MethodInvokerProcessUnit","level":"DEBUG"}}]
504  [main] INFO  c.s.l.p.MethodInvokerProcessUnit - [LoggerLevel]loggerMap:{com.sekift.logger.process.MethodInvokerProcessUnit=Logger[com.sekift.logger.process.MethodInvokerProcessUnit], ROOT=Logger[ROOT]}
504  [main] INFO  c.s.l.p.MethodInvokerProcessUnit - [LoggerLevel]logger:Logger[com.sekift.logger.process.MethodInvokerProcessUnit]
504  [main] INFO  c.s.l.p.MethodInvokerProcessUnit - [LoggerLevel]loggerbean.getName():com.sekift.logger.process.MethodInvokerProcessUnit
504  [main] DEBUG c.s.l.l.MethodInvokerProcessUnitTest - end is debug
371  [main] DEBUG c.s.l.l.MethodInvokerProcessUnitTest - test
374  [main] DEBUG c.s.l.l.MethodInvokerProcessUnitTest - type:ch.qos.logback.classic.util.ContextSelectorStaticBinder
388  [main] INFO  c.s.l.impl.AbstractProcessUnitImpl - [LoggerLevel]start
393  [main] DEBUG c.s.l.impl.AbstractProcessUnitImpl - [LoggerLevel]log type=ch.qos.logback.classic.util.ContextSelectorStaticBinder
395  [main] INFO  c.s.l.impl.AbstractProcessUnitImpl - [LoggerLevel]loggerMap={com.sekift.logger.process.MethodInvokerProcessUnit=Logger[com.sekift.logger.process.MethodInvokerProcessUnit], ROOT=Logger[ROOT]}
598  [main] INFO  c.s.l.impl.AbstractProcessUnitImpl - result={"logFramework":"LOGBACK","loggerList":[{"loggerLevel":"DEBUG","loggerName":"com.sekift.logger.process.MethodInvokerProcessUnit"},{"loggerLevel":"DEBUG","loggerName":"ROOT"}]}
599  [main] DEBUG c.s.l.l.MethodInvokerProcessUnitTest - frame:LOGBACK
600  [main] DEBUG c.s.l.l.MethodInvokerProcessUnitTest - now is debug
607  [main] INFO  c.s.l.p.MethodInvokerProcessUnit - [LoggerLevel]设置Log级别 loggerList:[{"LoggerBean":{"name":"com.sekift.logger.process.MethodInvokerProcessUnit","level":"INFO"}}]
607  [main] INFO  c.s.l.p.MethodInvokerProcessUnit - [LoggerLevel]loggerMap:{com.sekift.logger.process.MethodInvokerProcessUnit=Logger[com.sekift.logger.process.MethodInvokerProcessUnit], ROOT=Logger[ROOT]}
608  [main] INFO  c.s.l.p.MethodInvokerProcessUnit - [LoggerLevel]logger:Logger[com.sekift.logger.process.MethodInvokerProcessUnit]
608  [main] INFO  c.s.l.p.MethodInvokerProcessUnit - [LoggerLevel]loggerbean.getName():com.sekift.logger.process.MethodInvokerProcessUnit
608  [main] DEBUG c.s.l.l.MethodInvokerProcessUnitTest - 这里是验证debug打印了没有
608  [main] INFO  c.s.l.l.MethodInvokerProcessUnitTest - 如果上面没有打印，表示升级到INFO了
608  [main] INFO  c.s.l.p.MethodInvokerProcessUnit - [LoggerLevel]设置Log级别 loggerList:[{"LoggerBean":{"name":"com.sekift.logger.process.MethodInvokerProcessUnit","level":"DEBUG"}}]
608  [main] INFO  c.s.l.p.MethodInvokerProcessUnit - [LoggerLevel]loggerMap:{com.sekift.logger.process.MethodInvokerProcessUnit=Logger[com.sekift.logger.process.MethodInvokerProcessUnit], ROOT=Logger[ROOT]}
608  [main] INFO  c.s.l.p.MethodInvokerProcessUnit - [LoggerLevel]logger:Logger[com.sekift.logger.process.MethodInvokerProcessUnit]
608  [main] INFO  c.s.l.p.MethodInvokerProcessUnit - [LoggerLevel]loggerbean.getName():com.sekift.logger.process.MethodInvokerProcessUnit
608  [main] DEBUG c.s.l.l.MethodInvokerProcessUnitTest - end is debug
335  [main] DEBUG c.s.l.l.MethodInvokerProcessUnitTest - test
339  [main] DEBUG c.s.l.l.MethodInvokerProcessUnitTest - type:ch.qos.logback.classic.util.ContextSelectorStaticBinder
345  [main] INFO  c.s.l.impl.AbstractProcessUnitImpl - [LoggerLevel]start
345  [main] DEBUG c.s.l.impl.AbstractProcessUnitImpl - [LoggerLevel]log type=ch.qos.logback.classic.util.ContextSelectorStaticBinder
349  [main] INFO  c.s.l.impl.AbstractProcessUnitImpl - [LoggerLevel]loggerMap={ROOT=Logger[ROOT], com.sekift.logger.logback.MethodInvokerProcessUnitTest=Logger[com.sekift.logger.logback.MethodInvokerProcessUnitTest]}
494  [main] INFO  c.s.l.impl.AbstractProcessUnitImpl - result={"logFramework":"LOGBACK","loggerList":[{"loggerLevel":"DEBUG","loggerName":"ROOT"},{"loggerLevel":"DEBUG","loggerName":"com.sekift.logger.logback.MethodInvokerProcessUnitTest"}]}
494  [main] DEBUG c.s.l.l.MethodInvokerProcessUnitTest - frame:LOGBACK
495  [main] DEBUG c.s.l.l.MethodInvokerProcessUnitTest - now is debug
500  [main] INFO  c.s.l.p.MethodInvokerProcessUnit - [LoggerLevel]设置Log级别 loggerList:[{"LoggerBean":{"name":"com.sekift.logger.logback.MethodInvokerProcessUnitTest","level":"INFO"}}]
500  [main] INFO  c.s.l.p.MethodInvokerProcessUnit - [LoggerLevel]loggerMap:{ROOT=Logger[ROOT], com.sekift.logger.logback.MethodInvokerProcessUnitTest=Logger[com.sekift.logger.logback.MethodInvokerProcessUnitTest]}
500  [main] INFO  c.s.l.p.MethodInvokerProcessUnit - [LoggerLevel]logger:Logger[com.sekift.logger.logback.MethodInvokerProcessUnitTest]
500  [main] INFO  c.s.l.p.MethodInvokerProcessUnit - [LoggerLevel]loggerbean.getName():com.sekift.logger.logback.MethodInvokerProcessUnitTest
500  [main] INFO  c.s.l.l.MethodInvokerProcessUnitTest - 如果上面没有打印，表示升级到INFO了
500  [main] INFO  c.s.l.p.MethodInvokerProcessUnit - [LoggerLevel]设置Log级别 loggerList:[{"LoggerBean":{"name":"com.sekift.logger.logback.MethodInvokerProcessUnitTest","level":"DEBUG"}}]
501  [main] INFO  c.s.l.p.MethodInvokerProcessUnit - [LoggerLevel]loggerMap:{ROOT=Logger[ROOT], com.sekift.logger.logback.MethodInvokerProcessUnitTest=Logger[com.sekift.logger.logback.MethodInvokerProcessUnitTest]}
501  [main] INFO  c.s.l.p.MethodInvokerProcessUnit - [LoggerLevel]logger:Logger[com.sekift.logger.logback.MethodInvokerProcessUnitTest]
501  [main] INFO  c.s.l.p.MethodInvokerProcessUnit - [LoggerLevel]loggerbean.getName():com.sekift.logger.logback.MethodInvokerProcessUnitTest
501  [main] DEBUG c.s.l.l.MethodInvokerProcessUnitTest - end is debug
323  [main] DEBUG c.s.l.l.MethodInvokerProcessUnitTest2 - test
326  [main] DEBUG c.s.l.l.MethodInvokerProcessUnitTest2 - type:ch.qos.logback.classic.util.ContextSelectorStaticBinder
334  [main] INFO  c.s.l.impl.AbstractProcessUnitImpl - [LoggerLevel]start
334  [main] DEBUG c.s.l.impl.AbstractProcessUnitImpl - [LoggerLevel]log type=ch.qos.logback.classic.util.ContextSelectorStaticBinder
336  [main] INFO  c.s.l.impl.AbstractProcessUnitImpl - [LoggerLevel]loggerMap={ROOT=Logger[ROOT], com.sekift.logger.logback.MethodInvokerProcessUnitTest=Logger[com.sekift.logger.logback.MethodInvokerProcessUnitTest]}
481  [main] INFO  c.s.l.impl.AbstractProcessUnitImpl - result={"logFramework":"LOGBACK","loggerList":[{"loggerLevel":"DEBUG","loggerName":"ROOT"},{"loggerLevel":"DEBUG","loggerName":"com.sekift.logger.logback.MethodInvokerProcessUnitTest"}]}
482  [main] DEBUG c.s.l.l.MethodInvokerProcessUnitTest2 - frame:LOGBACK
483  [main] DEBUG c.s.l.l.MethodInvokerProcessUnitTest2 - now is debug
483  [main] INFO  c.s.l.p.MethodInvokerProcessUnit - setLogLevel: data=[{"level":"INFO","name":"com.sekift.logger.process.MethodInvokerProcessUnitTest"}]
345  [main] DEBUG c.s.l.l.ChangeLogLevelProcessUnitTest - test start
355  [main] DEBUG c.s.l.l.ChangeLogLevelProcessUnitTest - type:ch.qos.logback.classic.util.ContextSelectorStaticBinder
364  [main] INFO  c.s.l.impl.AbstractProcessUnitImpl - [LoggerLevel]start
364  [main] DEBUG c.s.l.impl.AbstractProcessUnitImpl - [LoggerLevel]log type=ch.qos.logback.classic.util.ContextSelectorStaticBinder
367  [main] INFO  c.s.l.impl.AbstractProcessUnitImpl - [LoggerLevel]loggerMap={ROOT=Logger[ROOT], com.sekift.logger.logback.MethodInvokerProcessUnitTest=Logger[com.sekift.logger.logback.MethodInvokerProcessUnitTest]}
520  [main] INFO  c.s.l.impl.AbstractProcessUnitImpl - result={"logFramework":"LOGBACK","loggerList":[{"loggerLevel":"DEBUG","loggerName":"ROOT"},{"loggerLevel":"DEBUG","loggerName":"com.sekift.logger.logback.MethodInvokerProcessUnitTest"}]}
521  [main] DEBUG c.s.l.l.ChangeLogLevelProcessUnitTest - frame:LOGBACK
521  [main] INFO  c.s.l.p.ChangeLogLevelProcessUnit - [LoggerLevel]设置所有Log级别
521  [main] INFO  c.s.l.l.ChangeLogLevelProcessUnitTest - 如果上面没有打印，表示升级到INFO了
521  [main] INFO  c.s.l.p.ChangeLogLevelProcessUnit - [LoggerLevel]设置所有Log级别
522  [main] DEBUG c.s.l.l.ChangeLogLevelProcessUnitTest - end is debug
316  [main] DEBUG c.s.l.l.MethodInvokerProcessUnitTest - test
319  [main] DEBUG c.s.l.l.MethodInvokerProcessUnitTest - type:ch.qos.logback.classic.util.ContextSelectorStaticBinder
325  [main] INFO  c.s.l.impl.AbstractProcessUnitImpl - [LoggerLevel]start
325  [main] DEBUG c.s.l.impl.AbstractProcessUnitImpl - [LoggerLevel]log type=ch.qos.logback.classic.util.ContextSelectorStaticBinder
328  [main] INFO  c.s.l.impl.AbstractProcessUnitImpl - [LoggerLevel]loggerMap={ROOT=Logger[ROOT], com.sekift.logger.logback.MethodInvokerProcessUnitTest=Logger[com.sekift.logger.logback.MethodInvokerProcessUnitTest]}
473  [main] INFO  c.s.l.impl.AbstractProcessUnitImpl - result={"logFramework":"LOGBACK","loggerList":[{"loggerLevel":"DEBUG","loggerName":"ROOT"},{"loggerLevel":"DEBUG","loggerName":"com.sekift.logger.logback.MethodInvokerProcessUnitTest"}]}
473  [main] DEBUG c.s.l.l.MethodInvokerProcessUnitTest - frame:LOGBACK
474  [main] DEBUG c.s.l.l.MethodInvokerProcessUnitTest - now is debug
474  [main] INFO  c.s.l.p.MethodInvokerProcessUnit - setLogLevel: data=[{"level":"INFO","name":"com.sekift.logger.process.MethodInvokerProcessUnitTest"}]
323  [main] DEBUG c.s.l.l.MethodInvokerProcessUnitTest - test
327  [main] DEBUG c.s.l.l.MethodInvokerProcessUnitTest - type:ch.qos.logback.classic.util.ContextSelectorStaticBinder
333  [main] INFO  c.s.l.impl.AbstractProcessUnitImpl - [LoggerLevel]start
333  [main] DEBUG c.s.l.impl.AbstractProcessUnitImpl - [LoggerLevel]log type=ch.qos.logback.classic.util.ContextSelectorStaticBinder
337  [main] INFO  c.s.l.impl.AbstractProcessUnitImpl - [LoggerLevel]loggerMap={ROOT=Logger[ROOT], com.sekift.logger.logback.MethodInvokerProcessUnitTest=Logger[com.sekift.logger.logback.MethodInvokerProcessUnitTest]}
500  [main] INFO  c.s.l.impl.AbstractProcessUnitImpl - result={"logFramework":"LOGBACK","loggerList":[{"loggerLevel":"DEBUG","loggerName":"ROOT"},{"loggerLevel":"DEBUG","loggerName":"com.sekift.logger.logback.MethodInvokerProcessUnitTest"}]}
501  [main] DEBUG c.s.l.l.MethodInvokerProcessUnitTest - frame:LOGBACK
502  [main] DEBUG c.s.l.l.MethodInvokerProcessUnitTest - now is debug
502  [main] INFO  c.s.l.p.MethodInvokerProcessUnit - setLogLevel: data=[{"level":"INFO","name":"com.sekift.logger.logback.MethodInvokerProcessUnitTest"}]
599  [main] INFO  c.s.l.l.MethodInvokerProcessUnitTest - 如果上面没有打印，表示升级到INFO了
599  [main] INFO  c.s.l.p.MethodInvokerProcessUnit - setLogLevel: data=[{"level":"DEBUG","name":"com.sekift.logger.logback.MethodInvokerProcessUnitTest"}]
600  [main] DEBUG c.s.l.l.MethodInvokerProcessUnitTest - end is debug
380  [main] DEBUG c.s.l.l.ChangeLogLevelProcessUnitTest - test start
385  [main] DEBUG c.s.l.l.ChangeLogLevelProcessUnitTest - type:ch.qos.logback.classic.util.ContextSelectorStaticBinder
393  [main] INFO  c.s.l.impl.AbstractProcessUnitImpl - [LoggerLevel]start
394  [main] DEBUG c.s.l.impl.AbstractProcessUnitImpl - [LoggerLevel]log type=ch.qos.logback.classic.util.ContextSelectorStaticBinder
396  [main] INFO  c.s.l.impl.AbstractProcessUnitImpl - [LoggerLevel]loggerMap={ROOT=Logger[ROOT], com.sekift.logger.logback.MethodInvokerProcessUnitTest=Logger[com.sekift.logger.logback.MethodInvokerProcessUnitTest]}
541  [main] INFO  c.s.l.impl.AbstractProcessUnitImpl - result={"logFramework":"LOGBACK","loggerList":[{"loggerLevel":"DEBUG","loggerName":"ROOT"},{"loggerLevel":"DEBUG","loggerName":"com.sekift.logger.logback.MethodInvokerProcessUnitTest"}]}
541  [main] DEBUG c.s.l.l.ChangeLogLevelProcessUnitTest - frame:LOGBACK
541  [main] INFO  c.s.l.p.ChangeLogLevelProcessUnit - [LoggerLevel]设置所有Log级别
541  [main] INFO  c.s.l.l.ChangeLogLevelProcessUnitTest - 如果上面没有打印，表示升级到INFO了
542  [main] INFO  c.s.l.p.ChangeLogLevelProcessUnit - [LoggerLevel]设置所有Log级别
542  [main] DEBUG c.s.l.l.ChangeLogLevelProcessUnitTest - end is debug
321  [main] DEBUG c.s.l.l.MethodInvokerProcessUnitTest - test
324  [main] DEBUG c.s.l.l.MethodInvokerProcessUnitTest - type:ch.qos.logback.classic.util.ContextSelectorStaticBinder
332  [main] INFO  c.s.l.impl.AbstractProcessUnitImpl - [LoggerLevel]start
332  [main] DEBUG c.s.l.impl.AbstractProcessUnitImpl - [LoggerLevel]log type=ch.qos.logback.classic.util.ContextSelectorStaticBinder
336  [main] INFO  c.s.l.impl.AbstractProcessUnitImpl - [LoggerLevel]loggerMap={ROOT=Logger[ROOT], com.sekift.logger.logback.MethodInvokerProcessUnitTest=Logger[com.sekift.logger.logback.MethodInvokerProcessUnitTest]}
487  [main] INFO  c.s.l.impl.AbstractProcessUnitImpl - result={"logFramework":"LOGBACK","loggerList":[{"loggerLevel":"DEBUG","loggerName":"ROOT"},{"loggerLevel":"DEBUG","loggerName":"com.sekift.logger.logback.MethodInvokerProcessUnitTest"}]}
487  [main] DEBUG c.s.l.l.MethodInvokerProcessUnitTest - frame:LOGBACK
489  [main] DEBUG c.s.l.l.MethodInvokerProcessUnitTest - now is debug
489  [main] INFO  c.s.l.p.MethodInvokerProcessUnit - setLogLevel: data=[{"level":"INFO","name":"com.sekift.logger.logback.MethodInvokerProcessUnitTest"}]
582  [main] INFO  c.s.l.l.MethodInvokerProcessUnitTest - 如果上面没有打印，表示升级到INFO了
583  [main] INFO  c.s.l.p.MethodInvokerProcessUnit - setLogLevel: data=[{"level":"DEBUG","name":"com.sekift.logger.logback.MethodInvokerProcessUnitTest"}]
583  [main] DEBUG c.s.l.l.MethodInvokerProcessUnitTest - end is debug
295  [main] DEBUG c.s.logger.logback.ChangeLogLevel - test start
298  [main] DEBUG c.s.logger.logback.ChangeLogLevel - type:ch.qos.logback.classic.util.ContextSelectorStaticBinder
304  [main] INFO  c.s.l.impl.AbstractProcessUnitImpl - [LoggerLevel]start
304  [main] DEBUG c.s.l.impl.AbstractProcessUnitImpl - [LoggerLevel]log type=ch.qos.logback.classic.util.ContextSelectorStaticBinder
306  [main] INFO  c.s.l.impl.AbstractProcessUnitImpl - [LoggerLevel]loggerMap={ROOT=Logger[ROOT], com.sekift.logger.logback.MethodInvokerProcessUnitTest=Logger[com.sekift.logger.logback.MethodInvokerProcessUnitTest]}
451  [main] INFO  c.s.l.impl.AbstractProcessUnitImpl - result={"logFramework":"LOGBACK","loggerList":[{"loggerLevel":"DEBUG","loggerName":"ROOT"},{"loggerLevel":"DEBUG","loggerName":"com.sekift.logger.logback.MethodInvokerProcessUnitTest"}]}
452  [main] DEBUG c.s.logger.logback.ChangeLogLevel - frame:LOGBACK
452  [main] INFO  c.s.l.p.ChangeLogLevelProcessUnit - [LoggerLevel]设置所有Log级别
452  [main] INFO  c.s.logger.logback.ChangeLogLevel - 如果上面没有打印，表示升级到INFO了
452  [main] INFO  c.s.l.p.ChangeLogLevelProcessUnit - [LoggerLevel]设置所有Log级别
452  [main] DEBUG c.s.logger.logback.ChangeLogLevel - end is debug
312  [main] DEBUG c.s.l.ChangeLogLevelProcessUnitTest - test start
317  [main] DEBUG c.s.l.ChangeLogLevelProcessUnitTest - type:ch.qos.logback.classic.util.ContextSelectorStaticBinder
324  [main] INFO  c.s.l.impl.AbstractProcessUnitImpl - [LoggerLevel]start
324  [main] DEBUG c.s.l.impl.AbstractProcessUnitImpl - [LoggerLevel]log type=ch.qos.logback.classic.util.ContextSelectorStaticBinder
326  [main] INFO  c.s.l.impl.AbstractProcessUnitImpl - [LoggerLevel]loggerMap={ROOT=Logger[ROOT], com.sekift.logger.logback.MethodInvokerProcessUnitTest=Logger[com.sekift.logger.logback.MethodInvokerProcessUnitTest]}
528  [main] INFO  c.s.l.impl.AbstractProcessUnitImpl - result={"logFramework":"LOGBACK","loggerList":[{"loggerLevel":"DEBUG","loggerName":"ROOT"},{"loggerLevel":"DEBUG","loggerName":"com.sekift.logger.logback.MethodInvokerProcessUnitTest"}]}
529  [main] DEBUG c.s.l.ChangeLogLevelProcessUnitTest - frame:LOGBACK
529  [main] INFO  c.s.l.p.ChangeLogLevelProcessUnit - [LoggerLevel]设置所有Log级别
529  [main] INFO  c.s.l.ChangeLogLevelProcessUnitTest - 如果上面没有打印，表示升级到INFO了
529  [main] INFO  c.s.l.p.ChangeLogLevelProcessUnit - [LoggerLevel]设置所有Log级别
529  [main] DEBUG c.s.l.ChangeLogLevelProcessUnitTest - end is debug
279  [main] DEBUG c.s.l.MethodInvokerProcessUnitTest - test
282  [main] DEBUG c.s.l.MethodInvokerProcessUnitTest - type:ch.qos.logback.classic.util.ContextSelectorStaticBinder
290  [main] INFO  c.s.l.impl.AbstractProcessUnitImpl - [LoggerLevel]start
290  [main] DEBUG c.s.l.impl.AbstractProcessUnitImpl - [LoggerLevel]log type=ch.qos.logback.classic.util.ContextSelectorStaticBinder
293  [main] INFO  c.s.l.impl.AbstractProcessUnitImpl - [LoggerLevel]loggerMap={ROOT=Logger[ROOT], com.sekift.logger.logback.MethodInvokerProcessUnitTest=Logger[com.sekift.logger.logback.MethodInvokerProcessUnitTest]}
431  [main] INFO  c.s.l.impl.AbstractProcessUnitImpl - result={"logFramework":"LOGBACK","loggerList":[{"loggerLevel":"DEBUG","loggerName":"ROOT"},{"loggerLevel":"DEBUG","loggerName":"com.sekift.logger.logback.MethodInvokerProcessUnitTest"}]}
431  [main] DEBUG c.s.l.MethodInvokerProcessUnitTest - frame:LOGBACK
432  [main] DEBUG c.s.l.MethodInvokerProcessUnitTest - now is debug
432  [main] INFO  c.s.l.p.MethodInvokerProcessUnit - setLogLevel: data=[{"level":"INFO","name":"com.sekift.logger.MethodInvokerProcessUnitTest"}]
315  [main] DEBUG c.s.l.MethodInvokerProcessUnitTest - test
318  [main] DEBUG c.s.l.MethodInvokerProcessUnitTest - type:ch.qos.logback.classic.util.ContextSelectorStaticBinder
325  [main] INFO  c.s.l.impl.AbstractProcessUnitImpl - [LoggerLevel]start
325  [main] DEBUG c.s.l.impl.AbstractProcessUnitImpl - [LoggerLevel]log type=ch.qos.logback.classic.util.ContextSelectorStaticBinder
327  [main] INFO  c.s.l.impl.AbstractProcessUnitImpl - [LoggerLevel]loggerMap={ROOT=Logger[ROOT], com.sekift.logger.MethodInvokerProcessUnitTest=Logger[com.sekift.logger.MethodInvokerProcessUnitTest]}
486  [main] INFO  c.s.l.impl.AbstractProcessUnitImpl - result={"logFramework":"LOGBACK","loggerList":[{"loggerLevel":"DEBUG","loggerName":"ROOT"},{"loggerLevel":"DEBUG","loggerName":"com.sekift.logger.MethodInvokerProcessUnitTest"}]}
498  [main] DEBUG c.s.l.MethodInvokerProcessUnitTest - frame:LOGBACK
499  [main] DEBUG c.s.l.MethodInvokerProcessUnitTest - now is debug
499  [main] INFO  c.s.l.p.MethodInvokerProcessUnit - setLogLevel: data=[{"level":"INFO","name":"com.sekift.logger.MethodInvokerProcessUnitTest"}]
587  [main] INFO  c.s.l.MethodInvokerProcessUnitTest - 如果上面没有打印，表示升级到INFO了
587  [main] INFO  c.s.l.p.MethodInvokerProcessUnit - setLogLevel: data=[{"level":"DEBUG","name":"com.sekift.logger.MethodInvokerProcessUnitTest"}]
588  [main] DEBUG c.s.l.MethodInvokerProcessUnitTest - end is debug
